2018-08-09 17:38:02,567 [background-preinit] INFO Version - HV000001: Hibernate Validator 5.3.6.Final
2018-08-09 17:38:02,929 [main] INFO Application - Starting Application on WINDOWS-UNEE9VK with PID 7856 (F:\IDEAWorkSpace\MGMavenTest\target\classes started by Administrator in F:\IDEAWorkSpace\MGMavenTest)
2018-08-09 17:38:02,930 [main] INFO Application - The following profiles are active: prod
2018-08-09 17:38:03,430 [main] INFO AnnotationConfigEmbeddedWebApplicationContext - Refreshing org.springframework.boot.context.embedded.AnnotationConfigEmbeddedWebApplicationContext@5580d62f: startup date [Thu Aug 09 17:38:03 CST 2018]; root of context hierarchy
2018-08-09 17:38:06,807 [main] INFO PostProcessorRegistrationDelegate$BeanPostProcessorChecker - Bean 'org.springframework.transaction.annotation.ProxyTransactionManagementConfiguration' of type [org.springframework.transaction.annotation.ProxyTransactionManagementConfiguration$$EnhancerBySpringCGLIB$$5852cd70] is not eligible for getting processed by all BeanPostProcessors (for example: not eligible for auto-proxying)
2018-08-09 17:38:07,170 [main] INFO PostProcessorRegistrationDelegate$BeanPostProcessorChecker - Bean 'shiroConfig' of type [com.mg.common.config.shiro.ShiroConfig$$EnhancerBySpringCGLIB$$ad1731bb] is not eligible for getting processed by all BeanPostProcessors (for example: not eligible for auto-proxying)
2018-08-09 17:38:07,223 [main] INFO PostProcessorRegistrationDelegate$BeanPostProcessorChecker - Bean 'hashedCredentialsMatcher' of type [org.apache.shiro.authc.credential.HashedCredentialsMatcher] is not eligible for getting processed by all BeanPostProcessors (for example: not eligible for auto-proxying)
2018-08-09 17:38:07,263 [main] INFO ShiroConfiguration - myRealm注册完成
2018-08-09 17:38:07,295 [main] INFO PostProcessorRegistrationDelegate$BeanPostProcessorChecker - Bean 'userImpl' of type [com.mg.service.user.UserImpl] is not eligible for getting processed by all BeanPostProcessors (for example: not eligible for auto-proxying)
2018-08-09 17:38:07,336 [main] INFO PostProcessorRegistrationDelegate$BeanPostProcessorChecker - Bean '(inner bean)#282c5075' of type [org.springframework.beans.factory.config.PropertiesFactoryBean] is not eligible for getting processed by all BeanPostProcessors (for example: not eligible for auto-proxying)
2018-08-09 17:38:07,349 [main] INFO PostProcessorRegistrationDelegate$BeanPostProcessorChecker - Bean '(inner bean)#282c5075' of type [java.util.Properties] is not eligible for getting processed by all BeanPostProcessors (for example: not eligible for auto-proxying)
2018-08-09 17:38:07,439 [main] INFO PostProcessorRegistrationDelegate$BeanPostProcessorChecker - Bean '(inner bean)#654db80b' of type [org.springframework.data.repository.core.support.PropertiesBasedNamedQueries] is not eligible for getting processed by all BeanPostProcessors (for example: not eligible for auto-proxying)
2018-08-09 17:38:07,450 [main] INFO PostProcessorRegistrationDelegate$BeanPostProcessorChecker - Bean '(inner bean)#62c6db99' of type [org.springframework.data.repository.query.ExtensionAwareEvaluationContextProvider] is not eligible for getting processed by all BeanPostProcessors (for example: not eligible for auto-proxying)
2018-08-09 17:38:07,465 [main] INFO PostProcessorRegistrationDelegate$BeanPostProcessorChecker - Bean 'org.springframework.boot.devtools.autoconfigure.DevToolsDataSourceAutoConfiguration' of type [org.springframework.boot.devtools.autoconfigure.DevToolsDataSourceAutoConfiguration$$EnhancerBySpringCGLIB$$3316dca7] is not eligible for getting processed by all BeanPostProcessors (for example: not eligible for auto-proxying)
2018-08-09 17:38:07,475 [main] INFO PostProcessorRegistrationDelegate$BeanPostProcessorChecker - Bean 'org.springframework.boot.autoconfigure.jdbc.DataSourceConfiguration$Tomcat' of type [org.springframework.boot.autoconfigure.jdbc.DataSourceConfiguration$Tomcat] is not eligible for getting processed by all BeanPostProcessors (for example: not eligible for auto-proxying)
2018-08-09 17:38:07,720 [main] INFO PostProcessorRegistrationDelegate$BeanPostProcessorChecker - Bean 'spring.datasource-org.springframework.boot.autoconfigure.jdbc.DataSourceProperties' of type [org.springframework.boot.autoconfigure.jdbc.DataSourceProperties] is not eligible for getting processed by all BeanPostProcessors (for example: not eligible for auto-proxying)
2018-08-09 17:38:07,976 [main] INFO PostProcessorRegistrationDelegate$BeanPostProcessorChecker - Bean 'dataSource' of type [org.apache.tomcat.jdbc.pool.DataSource] is not eligible for getting processed by all BeanPostProcessors (for example: not eligible for auto-proxying)
2018-08-09 17:38:08,040 [main] INFO PostProcessorRegistrationDelegate$BeanPostProcessorChecker - Bean 'org.springframework.boot.autoconfigure.jdbc.DataSourceAutoConfiguration' of type [org.springframework.boot.autoconfigure.jdbc.DataSourceAutoConfiguration$$EnhancerBySpringCGLIB$$3a4670d0] is not eligible for getting processed by all BeanPostProcessors (for example: not eligible for auto-proxying)
2018-08-09 17:38:08,075 [main] INFO PostProcessorRegistrationDelegate$BeanPostProcessorChecker - Bean 'dataSourceInitializer' of type [org.springframework.boot.autoconfigure.jdbc.DataSourceInitializer] is not eligible for getting processed by all BeanPostProcessors (for example: not eligible for auto-proxying)
2018-08-09 17:38:08,089 [main] INFO PostProcessorRegistrationDelegate$BeanPostProcessorChecker - Bean 'inMemoryDatabaseShutdownExecutor' of type [org.springframework.boot.devtools.autoconfigure.DevToolsDataSourceAutoConfiguration$NonEmbeddedInMemoryDatabaseShutdownExecutor] is not eligible for getting processed by all BeanPostProcessors (for example: not eligible for auto-proxying)
2018-08-09 17:38:08,104 [main] INFO PostProcessorRegistrationDelegate$BeanPostProcessorChecker - Bean 'spring.jpa-org.springframework.boot.autoconfigure.orm.jpa.JpaProperties' of type [org.springframework.boot.autoconfigure.orm.jpa.JpaProperties] is not eligible for getting processed by all BeanPostProcessors (for example: not eligible for auto-proxying)
2018-08-09 17:38:08,117 [main] INFO PostProcessorRegistrationDelegate$BeanPostProcessorChecker - Bean 'org.springframework.boot.autoconfigure.transaction.TransactionAutoConfiguration' of type [org.springframework.boot.autoconfigure.transaction.TransactionAutoConfiguration$$EnhancerBySpringCGLIB$$ecc6c87a] is not eligible for getting processed by all BeanPostProcessors (for example: not eligible for auto-proxying)
2018-08-09 17:38:08,138 [main] INFO PostProcessorRegistrationDelegate$BeanPostProcessorChecker - Bean 'spring.transaction-org.springframework.boot.autoconfigure.transaction.TransactionProperties' of type [org.springframework.boot.autoconfigure.transaction.TransactionProperties] is not eligible for getting processed by all BeanPostProcessors (for example: not eligible for auto-proxying)
2018-08-09 17:38:08,157 [main] INFO PostProcessorRegistrationDelegate$BeanPostProcessorChecker - Bean 'platformTransactionManagerCustomizers' of type [org.springframework.boot.autoconfigure.transaction.TransactionManagerCustomizers] is not eligible for getting processed by all BeanPostProcessors (for example: not eligible for auto-proxying)
2018-08-09 17:38:08,176 [main] INFO PostProcessorRegistrationDelegate$BeanPostProcessorChecker - Bean 'org.springframework.boot.autoconfigure.orm.jpa.HibernateJpaAutoConfiguration' of type [org.springframework.boot.autoconfigure.orm.jpa.HibernateJpaAutoConfiguration$$EnhancerBySpringCGLIB$$c1d93190] is not eligible for getting processed by all BeanPostProcessors (for example: not eligible for auto-proxying)
2018-08-09 17:38:09,435 [main] INFO PostProcessorRegistrationDelegate$BeanPostProcessorChecker - Bean 'jpaVendorAdapter' of type [org.springframework.orm.jpa.vendor.HibernateJpaVendorAdapter] is not eligible for getting processed by all BeanPostProcessors (for example: not eligible for auto-proxying)
2018-08-09 17:38:09,448 [main] INFO PostProcessorRegistrationDelegate$BeanPostProcessorChecker - Bean 'entityManagerFactoryBuilder' of type [org.springframework.boot.orm.jpa.EntityManagerFactoryBuilder] is not eligible for getting processed by all BeanPostProcessors (for example: not eligible for auto-proxying)
2018-08-09 17:38:09,667 [main] INFO LocalContainerEntityManagerFactoryBean - Building JPA container EntityManagerFactory for persistence unit 'default'
2018-08-09 17:38:09,694 [main] INFO LogHelper - HHH000204: Processing PersistenceUnitInfo [
	name: default
	...]
2018-08-09 17:38:10,026 [main] INFO Version - HHH000412: Hibernate Core {5.0.12.Final}
2018-08-09 17:38:10,029 [main] INFO Environment - HHH000206: hibernate.properties not found
2018-08-09 17:38:10,032 [main] INFO Environment - HHH000021: Bytecode provider name : javassist
2018-08-09 17:38:10,269 [main] INFO Version - HCANN000001: Hibernate Commons Annotations {5.0.1.Final}
2018-08-09 17:38:10,737 [main] INFO Dialect - HHH000400: Using dialect: org.hibernate.dialect.MySQL5InnoDBDialect
2018-08-09 17:38:11,239 [main] WARN UUIDHexGenerator - HHH000409: Using org.hibernate.id.UUIDHexGenerator which does not generate IETF RFC 4122 compliant UUID values; consider using org.hibernate.id.UUIDGenerator instead
2018-08-09 17:38:12,284 [main] INFO SchemaUpdate - HHH000228: Running hbm2ddl schema update
2018-08-09 17:38:13,076 [main] INFO LocalContainerEntityManagerFactoryBean - Initialized JPA EntityManagerFactory for persistence unit 'default'
2018-08-09 17:38:13,083 [main] INFO PostProcessorRegistrationDelegate$BeanPostProcessorChecker - Bean 'entityManagerFactory' of type [org.springframework.orm.jpa.LocalContainerEntityManagerFactoryBean] is not eligible for getting processed by all BeanPostProcessors (for example: not eligible for auto-proxying)
2018-08-09 17:38:13,099 [main] INFO PostProcessorRegistrationDelegate$BeanPostProcessorChecker - Bean 'entityManagerFactory' of type [com.sun.proxy.$Proxy91] is not eligible for getting processed by all BeanPostProcessors (for example: not eligible for auto-proxying)
2018-08-09 17:38:13,138 [main] INFO PostProcessorRegistrationDelegate$BeanPostProcessorChecker - Bean '(inner bean)#1e1ea16d' of type [com.sun.proxy.$Proxy92] is not eligible for getting processed by all BeanPostProcessors (for example: not eligible for auto-proxying)
2018-08-09 17:38:13,255 [main] INFO PostProcessorRegistrationDelegate$BeanPostProcessorChecker - Bean 'jpaMappingContext' of type [org.springframework.data.jpa.repository.config.JpaMetamodelMappingContextFactoryBean] is not eligible for getting processed by all BeanPostProcessors (for example: not eligible for auto-proxying)
2018-08-09 17:38:13,263 [main] INFO PostProcessorRegistrationDelegate$BeanPostProcessorChecker - Bean 'jpaMappingContext' of type [org.springframework.data.jpa.mapping.JpaMetamodelMappingContext] is not eligible for getting processed by all BeanPostProcessors (for example: not eligible for auto-proxying)
2018-08-09 17:38:13,728 [main] INFO PostProcessorRegistrationDelegate$BeanPostProcessorChecker - Bean 'userRepository' of type [org.springframework.data.jpa.repository.support.JpaRepositoryFactoryBean] is not eligible for getting processed by all BeanPostProcessors (for example: not eligible for auto-proxying)
2018-08-09 17:38:13,745 [main] INFO PostProcessorRegistrationDelegate$BeanPostProcessorChecker - Bean 'userRepository' of type [com.sun.proxy.$Proxy95] is not eligible for getting processed by all BeanPostProcessors (for example: not eligible for auto-proxying)
2018-08-09 17:38:13,807 [main] INFO PostProcessorRegistrationDelegate$BeanPostProcessorChecker - Bean 'myRealm' of type [com.mg.common.config.shiro.MyRealm] is not eligible for getting processed by all BeanPostProcessors (for example: not eligible for auto-proxying)
2018-08-09 17:38:13,887 [main] INFO ShiroConfiguration - securityManager注册完成
2018-08-09 17:38:13,916 [main] INFO PostProcessorRegistrationDelegate$BeanPostProcessorChecker - Bean 'securityManager' of type [org.apache.shiro.web.mgt.DefaultWebSecurityManager] is not eligible for getting processed by all BeanPostProcessors (for example: not eligible for auto-proxying)
2018-08-09 17:38:13,986 [main] INFO ShiroConfiguration - shiroFilter注册完成
2018-08-09 17:38:14,957 [main] INFO TomcatEmbeddedServletContainer - Tomcat initialized with port(s): 80 (http)
2018-08-09 17:38:14,988 [main] INFO StandardService - Starting service [Tomcat]
2018-08-09 17:38:14,990 [main] INFO StandardEngine - Starting Servlet Engine: Apache Tomcat/8.5.23
2018-08-09 17:38:15,511 [localhost-startStop-1] INFO [/mg] - Initializing Spring embedded WebApplicationContext
2018-08-09 17:38:15,512 [localhost-startStop-1] INFO ContextLoader - Root WebApplicationContext: initialization completed in 12082 ms
2018-08-09 17:38:16,216 [localhost-startStop-1] INFO FilterRegistrationBean - Mapping filter: 'characterEncodingFilter' to: [/*]
2018-08-09 17:38:16,217 [localhost-startStop-1] INFO FilterRegistrationBean - Mapping filter: 'hiddenHttpMethodFilter' to: [/*]
2018-08-09 17:38:16,217 [localhost-startStop-1] INFO FilterRegistrationBean - Mapping filter: 'httpPutFormContentFilter' to: [/*]
2018-08-09 17:38:16,217 [localhost-startStop-1] INFO FilterRegistrationBean - Mapping filter: 'requestContextFilter' to: [/*]
2018-08-09 17:38:16,218 [localhost-startStop-1] INFO FilterRegistrationBean - Mapping filter: 'MyFilter' to urls: [/*]
2018-08-09 17:38:16,218 [localhost-startStop-1] INFO FilterRegistrationBean - Mapping filter: 'shiroFilter' to: [/*]
2018-08-09 17:38:16,218 [localhost-startStop-1] INFO FilterRegistrationBean - Mapping filter: 'remoteIpFilter' to: [/*]
2018-08-09 17:38:16,218 [localhost-startStop-1] INFO ServletRegistrationBean - Mapping servlet: 'dispatcherServlet' to [/]
2018-08-09 17:38:17,918 [main] INFO RequestMappingHandlerAdapter - Looking for @ControllerAdvice: org.springframework.boot.context.embedded.AnnotationConfigEmbeddedWebApplicationContext@5580d62f: startup date [Thu Aug 09 17:38:03 CST 2018]; root of context hierarchy
2018-08-09 17:38:18,141 [main] INFO RequestMappingHandlerMapping - Mapped "{[/doRegister]}" onto public org.springframework.http.ResponseEntity com.mg.controller.index.LoginController.doRegister()
2018-08-09 17:38:18,146 [main] INFO RequestMappingHandlerMapping - Mapped "{[/doLogin]}" onto public org.springframework.http.ResponseEntity com.mg.controller.index.LoginController.doLogin(javax.servlet.http.HttpServletRequest)
2018-08-09 17:38:18,146 [main] INFO RequestMappingHandlerMapping - Mapped "{[/logout]}" onto public java.lang.String com.mg.controller.index.LoginController.loginOut()
2018-08-09 17:38:18,147 [main] INFO RequestMappingHandlerMapping - Mapped "{[/login]}" onto public java.lang.String com.mg.controller.index.LoginController.toLogin()
2018-08-09 17:38:18,147 [main] INFO RequestMappingHandlerMapping - Mapped "{[/register]}" onto public java.lang.String com.mg.controller.index.LoginController.toRegister()
2018-08-09 17:38:18,152 [main] INFO RequestMappingHandlerMapping - Mapped "{[/index]}" onto public java.lang.String com.mg.controller.TestController.index(org.springframework.ui.Model,java.lang.String,java.lang.String)
2018-08-09 17:38:18,153 [main] INFO RequestMappingHandlerMapping - Mapped "{[/addOne]}" onto public org.springframework.http.ResponseEntity com.mg.controller.TestController.addOne()
2018-08-09 17:38:18,154 [main] INFO RequestMappingHandlerMapping - Mapped "{[/home]}" onto public java.lang.String com.mg.controller.TestController.home()
2018-08-09 17:38:18,154 [main] INFO RequestMappingHandlerMapping - Mapped "{[/addRole]}" onto public org.springframework.http.ResponseEntity com.mg.controller.TestController.addUser(com.mg.beans.Temp,com.mg.beans.RoleEntity)
2018-08-09 17:38:18,154 [main] INFO RequestMappingHandlerMapping - Mapped "{[/auth/doLogin]}" onto public org.springframework.http.ResponseEntity com.mg.controller.TestController.doLogin(javax.servlet.http.HttpServletRequest)
2018-08-09 17:38:18,155 [main] INFO RequestMappingHandlerMapping - Mapped "{[/auth/logout]}" onto public java.lang.String com.mg.controller.TestController.loginOut()
2018-08-09 17:38:18,156 [main] INFO RequestMappingHandlerMapping - Mapped "{[/auth/login]}" onto public java.lang.String com.mg.controller.TestController.toLogin()
2018-08-09 17:38:18,157 [main] INFO RequestMappingHandlerMapping - Mapped "{[/admin]}" onto public java.lang.String com.mg.controller.TestController.admin()
2018-08-09 17:38:18,160 [main] INFO RequestMappingHandlerMapping - Mapped "{[/error]}" onto public org.springframework.http.ResponseEntity<java.util.Map<java.lang.String, java.lang.Object>> org.springframework.boot.autoconfigure.web.BasicErrorController.error(javax.servlet.http.HttpServletRequest)
2018-08-09 17:38:18,161 [main] INFO RequestMappingHandlerMapping - Mapped "{[/error],produces=[text/html]}" onto public org.springframework.web.servlet.ModelAndView org.springframework.boot.autoconfigure.web.BasicErrorController.errorHtml(javax.servlet.http.HttpServletRequest,javax.servlet.http.HttpServletResponse)
2018-08-09 17:38:18,278 [main] INFO SimpleUrlHandlerMapping - Mapped URL path [/webjars/**] onto handler of type [class org.springframework.web.servlet.resource.ResourceHttpRequestHandler]
2018-08-09 17:38:18,278 [main] INFO SimpleUrlHandlerMapping - Mapped URL path [/**] onto handler of type [class org.springframework.web.servlet.resource.ResourceHttpRequestHandler]
2018-08-09 17:38:18,336 [main] INFO ExceptionHandlerExceptionResolver - Detected @ExceptionHandler methods in globalExceptionHandle
2018-08-09 17:38:18,404 [main] INFO SimpleUrlHandlerMapping - Mapped URL path [/**/favicon.ico] onto handler of type [class org.springframework.web.servlet.resource.ResourceHttpRequestHandler]
2018-08-09 17:38:21,928 [main] INFO OptionalLiveReloadServer - LiveReload server is running on port 35729
2018-08-09 17:38:22,561 [main] INFO AnnotationMBeanExporter - Registering beans for JMX exposure on startup
2018-08-09 17:38:22,649 [main] INFO Http11NioProtocol - Initializing ProtocolHandler ["http-nio-80"]
2018-08-09 17:38:22,670 [main] INFO Http11NioProtocol - Starting ProtocolHandler ["http-nio-80"]
2018-08-09 17:38:22,713 [main] INFO NioSelectorPool - Using a shared selector for servlet write/read
2018-08-09 17:38:22,997 [main] INFO TomcatEmbeddedServletContainer - Tomcat started on port(s): 80 (http)
2018-08-09 17:38:23,155 [main] INFO Application - Started Application in 22.232 seconds (JVM running for 31.648)
2018-08-09 17:38:52,632 [http-nio-80-exec-10] INFO [/mg] - Initializing Spring FrameworkServlet 'dispatcherServlet'
2018-08-09 17:38:52,633 [http-nio-80-exec-10] INFO DispatcherServlet - FrameworkServlet 'dispatcherServlet': initialization started
2018-08-09 17:38:52,690 [http-nio-80-exec-10] INFO DispatcherServlet - FrameworkServlet 'dispatcherServlet': initialization completed in 57 ms
2018-08-09 17:38:52,996 [http-nio-80-exec-9] INFO TemplateEngine - [THYMELEAF] INITIALIZING TEMPLATE ENGINE
2018-08-09 17:38:53,109 [http-nio-80-exec-9] INFO AbstractTemplateResolver - [THYMELEAF] INITIALIZING TEMPLATE RESOLVER: org.thymeleaf.spring4.templateresolver.SpringResourceTemplateResolver
2018-08-09 17:38:53,109 [http-nio-80-exec-9] INFO AbstractTemplateResolver - [THYMELEAF] TEMPLATE RESOLVER INITIALIZED OK
2018-08-09 17:38:53,110 [http-nio-80-exec-9] INFO AbstractMessageResolver - [THYMELEAF] INITIALIZING MESSAGE RESOLVER: org.thymeleaf.spring4.messageresolver.SpringMessageResolver
2018-08-09 17:38:53,110 [http-nio-80-exec-9] INFO AbstractMessageResolver - [THYMELEAF] MESSAGE RESOLVER INITIALIZED OK
2018-08-09 17:38:53,113 [http-nio-80-exec-9] INFO CONFIG - [THYMELEAF] TEMPLATE ENGINE CONFIGURATION:
[THYMELEAF] * Cache Factory implementation: [no caches]
[THYMELEAF] * Template modes:
[THYMELEAF]     * VALIDXHTML
[THYMELEAF]     * XML
[THYMELEAF]     * VALIDXML
[THYMELEAF]     * XHTML
[THYMELEAF]     * HTML5
[THYMELEAF]     * LEGACYHTML5
[THYMELEAF] * Template resolvers (in order):
[THYMELEAF]     * org.thymeleaf.spring4.templateresolver.SpringResourceTemplateResolver
[THYMELEAF] * Message resolvers (in order):
[THYMELEAF]     * org.thymeleaf.spring4.messageresolver.SpringMessageResolver
[THYMELEAF] * Dialect [1 of 2]: org.thymeleaf.spring4.dialect.SpringStandardDialect
[THYMELEAF]     * Prefix: "th"
[THYMELEAF] * Dialect [2 of 2]: nz.net.ultraq.thymeleaf.LayoutDialect
[THYMELEAF]     * Prefix: "layout"
[THYMELEAF] TEMPLATE ENGINE CONFIGURED OK
2018-08-09 17:38:53,113 [http-nio-80-exec-9] INFO TemplateEngine - [THYMELEAF] TEMPLATE ENGINE INITIALIZED
